09:19:57.629 [Worker-10] INFO  o.a.AndroidAnnotationProcessor:85 - Initialize AndroidAnnotations 3.0.1 with options {phase=BUILD}
09:19:57.803 [Worker-10] INFO  o.a.AndroidAnnotationProcessor:85 - Initialize AndroidAnnotations 3.0.1 with options {phase=BUILD}
09:20:26.997 [Worker-10] INFO  o.a.AndroidAnnotationProcessor:85 - Initialize AndroidAnnotations 3.0.1 with options {phase=BUILD}
09:20:41.675 [Worker-6] INFO  o.a.AndroidAnnotationProcessor:85 - Initialize AndroidAnnotations 3.0.1 with options {phase=BUILD}
09:20:41.791 [Worker-6] INFO  o.a.AndroidAnnotationProcessor:85 - Initialize AndroidAnnotations 3.0.1 with options {phase=BUILD}
09:23:25.992 [Worker-8] INFO  o.a.AndroidAnnotationProcessor:85 - Initialize AndroidAnnotations 3.0.1 with options {phase=BUILD}
09:23:26.132 [Worker-8] INFO  o.a.AndroidAnnotationProcessor:85 - Initialize AndroidAnnotations 3.0.1 with options {phase=BUILD}
09:23:44.453 [Worker-10] INFO  o.a.AndroidAnnotationProcessor:85 - Initialize AndroidAnnotations 3.0.1 with options {phase=BUILD}
09:28:45.741 [Worker-11] INFO  o.a.AndroidAnnotationProcessor:85 - Initialize AndroidAnnotations 3.0.1 with options {phase=BUILD}
09:28:47.937 [Worker-12] INFO  o.a.AndroidAnnotationProcessor:85 - Initialize AndroidAnnotations 3.0.1 with options {phase=BUILD}
09:29:07.420 [Worker-9] INFO  o.a.AndroidAnnotationProcessor:85 - Initialize AndroidAnnotations 3.0.1 with options {phase=BUILD}
09:29:14.405 [Worker-15] INFO  o.a.AndroidAnnotationProcessor:85 - Initialize AndroidAnnotations 3.0.1 with options {phase=BUILD}
09:29:15.577 [Worker-10] INFO  o.a.AndroidAnnotationProcessor:85 - Initialize AndroidAnnotations 3.0.1 with options {phase=BUILD}
09:29:30.418 [Worker-6] INFO  o.a.AndroidAnnotationProcessor:85 - Initialize AndroidAnnotations 3.0.1 with options {phase=BUILD}
09:29:47.309 [Worker-2] INFO  o.a.AndroidAnnotationProcessor:85 - Initialize AndroidAnnotations 3.0.1 with options {phase=BUILD}
09:31:03.239 [Worker-11] INFO  o.a.AndroidAnnotationProcessor:85 - Initialize AndroidAnnotations 3.0.1 with options {phase=BUILD}
09:31:22.21 [Worker-6] INFO  o.a.AndroidAnnotationProcessor:85 - Initialize AndroidAnnotations 3.0.1 with options {phase=BUILD}
09:31:54.834 [Worker-2] INFO  o.a.AndroidAnnotationProcessor:85 - Initialize AndroidAnnotations 3.0.1 with options {phase=BUILD}
09:34:44.803 [Worker-5] INFO  o.a.AndroidAnnotationProcessor:85 - Initialize AndroidAnnotations 3.0.1 with options {phase=BUILD}
09:34:44.806 [Worker-5] INFO  o.a.AndroidAnnotationProcessor:109 - Start processing for 1 annotations on 3 elements
09:34:44.839 [Worker-5] DEBUG o.a.h.AndroidManifestFinder:137 - AndroidManifest.xml file found in parent folder C:\Users\Public\development\practice\android\my_demos\DroidSpace\05.parse_read_write\02.fileDrivenPageViewer: C:\Users\Public\development\practice\android\my_demos\DroidSpace\05.parse_read_write\02.fileDrivenPageViewer\AndroidManifest.xml
09:34:44.843 [Worker-5] INFO  o.a.AndroidAnnotationProcessor:172 - AndroidManifest.xml found: AndroidManifest [applicationPackage=com.commonsware.android.frw.filesdemo, componentQualifiedNames=[com.commonsware.android.frw.filesdemo.MainActivity_], permissionQualifiedNames=[], applicationClassName=null, libraryProject=false, debugabble=false, minSdkVersion=17, maxSdkVersion=-1, targetSdkVersion=22]
09:34:44.845 [Worker-5] INFO  o.a.r.ProjectRClassFinder:50 - Found project R class: com.commonsware.android.frw.filesdemo.R
09:34:44.850 [Worker-5] INFO  o.a.r.AndroidRClassFinder:44 - Found Android class: android.R
09:34:44.894 [Worker-5] INFO  o.a.p.ModelValidator:42 - Validating elements
09:34:44.895 [Worker-5] DEBUG o.a.p.ModelValidator:62 - Validating with EActivityHandler: [com.commonsware.android.frw.filesdemo.MainActivity]
09:34:44.908 [Worker-5] INFO  o.a.p.ModelProcessor:73 - Processing root elements
09:34:44.909 [Worker-5] DEBUG o.a.p.ModelProcessor:80 - Processing root elements EActivityHandler: [com.commonsware.android.frw.filesdemo.MainActivity]
09:34:44.937 [Worker-5] INFO  o.a.p.ModelProcessor:104 - Processing enclosed elements
09:34:44.939 [Worker-5] INFO  o.a.AndroidAnnotationProcessor:251 - Number of files generated by AndroidAnnotations: 1
09:34:44.943 [Worker-5] INFO  o.a.g.ApiCodeGenerator:52 - Writting following API classes in project: []
09:34:44.946 [Worker-5] DEBUG o.a.g.SourceCodewriter:55 - Generating class: com.commonsware.android.frw.filesdemo.MainActivity_
09:34:44.988 [Worker-5] INFO  o.a.p.TimeStats:81 - Time measurements: [Whole Processing = 182 ms], [Generate Sources = 49 ms], [Find R Classes = 42 ms], [Process Annotations = 39 ms], [Extract Annotations = 30 ms], [Extract Manifest = 6 ms], [Validate Annotations = 6 ms], 
09:34:44.989 [Worker-5] INFO  o.a.AndroidAnnotationProcessor:123 - Finish processing
09:35:48.814 [Worker-0] INFO  o.a.AndroidAnnotationProcessor:85 - Initialize AndroidAnnotations 3.0.1 with options {phase=BUILD}
09:35:48.816 [Worker-0] INFO  o.a.AndroidAnnotationProcessor:109 - Start processing for 1 annotations on 1 elements
09:35:48.833 [Worker-0] DEBUG o.a.h.AndroidManifestFinder:137 - AndroidManifest.xml file found in parent folder C:\Users\Public\development\practice\android\my_demos\DroidSpace\05.parse_read_write\02.fileDrivenPageViewer: C:\Users\Public\development\practice\android\my_demos\DroidSpace\05.parse_read_write\02.fileDrivenPageViewer\AndroidManifest.xml
09:35:48.836 [Worker-0] INFO  o.a.AndroidAnnotationProcessor:172 - AndroidManifest.xml found: AndroidManifest [applicationPackage=com.commonsware.android.frw.filesdemo, componentQualifiedNames=[com.commonsware.android.frw.filesdemo.MainActivity_], permissionQualifiedNames=[], applicationClassName=null, libraryProject=false, debugabble=false, minSdkVersion=17, maxSdkVersion=-1, targetSdkVersion=22]
09:35:48.837 [Worker-0] INFO  o.a.r.ProjectRClassFinder:50 - Found project R class: com.commonsware.android.frw.filesdemo.R
09:35:48.841 [Worker-0] INFO  o.a.r.AndroidRClassFinder:44 - Found Android class: android.R
09:35:48.856 [Worker-0] INFO  o.a.p.ModelValidator:42 - Validating elements
09:35:48.857 [Worker-0] DEBUG o.a.p.ModelValidator:62 - Validating with EActivityHandler: [com.commonsware.android.frw.filesdemo.MainActivity]
09:35:48.859 [Worker-0] INFO  o.a.p.ModelProcessor:73 - Processing root elements
09:35:48.861 [Worker-0] DEBUG o.a.p.ModelProcessor:80 - Processing root elements EActivityHandler: [com.commonsware.android.frw.filesdemo.MainActivity]
09:35:48.867 [Worker-0] INFO  o.a.p.ModelProcessor:104 - Processing enclosed elements
09:35:48.869 [Worker-0] INFO  o.a.AndroidAnnotationProcessor:251 - Number of files generated by AndroidAnnotations: 1
09:35:48.870 [Worker-0] INFO  o.a.g.ApiCodeGenerator:52 - Writting following API classes in project: []
09:35:48.871 [Worker-0] DEBUG o.a.g.SourceCodewriter:55 - Generating class: com.commonsware.android.frw.filesdemo.MainActivity_
09:35:48.882 [Worker-0] INFO  o.a.p.TimeStats:81 - Time measurements: [Whole Processing = 66 ms], [Find R Classes = 19 ms], [Extract Annotations = 15 ms], [Generate Sources = 13 ms], [Process Annotations = 10 ms], [Extract Manifest = 3 ms], [Validate Annotations = 3 ms], 
09:35:48.883 [Worker-0] INFO  o.a.AndroidAnnotationProcessor:123 - Finish processing
09:43:22.999 [Worker-1] INFO  o.a.AndroidAnnotationProcessor:85 - Initialize AndroidAnnotations 3.0.1 with options {phase=BUILD}
09:43:23.1 [Worker-1] INFO  o.a.AndroidAnnotationProcessor:109 - Start processing for 1 annotations on 1 elements
09:43:23.16 [Worker-1] DEBUG o.a.h.AndroidManifestFinder:137 - AndroidManifest.xml file found in parent folder C:\Users\Public\development\practice\android\my_demos\DroidSpace\05.parse_read_write\02.fileDrivenPageViewer: C:\Users\Public\development\practice\android\my_demos\DroidSpace\05.parse_read_write\02.fileDrivenPageViewer\AndroidManifest.xml
09:43:23.18 [Worker-1] INFO  o.a.AndroidAnnotationProcessor:172 - AndroidManifest.xml found: AndroidManifest [applicationPackage=com.commonsware.android.frw.filesdemo, componentQualifiedNames=[com.commonsware.android.frw.filesdemo.MainActivity_], permissionQualifiedNames=[], applicationClassName=null, libraryProject=false, debugabble=false, minSdkVersion=17, maxSdkVersion=-1, targetSdkVersion=22]
09:43:23.19 [Worker-1] INFO  o.a.r.ProjectRClassFinder:50 - Found project R class: R
09:43:23.21 [Worker-1] INFO  o.a.r.AndroidRClassFinder:44 - Found Android class: android.R
09:43:23.34 [Worker-1] INFO  o.a.p.ModelValidator:42 - Validating elements
09:43:23.36 [Worker-1] DEBUG o.a.p.ModelValidator:62 - Validating with EActivityHandler: [com.commonsware.android.frw.filesdemo.MainActivity]
09:43:23.37 [Worker-1] ERROR o.a.h.AnnotationHelper:110 - Resource id value not found in R.layout: 0
09:43:23.37 [Worker-1] WARN  o.a.p.ModelValidator:69 - Element EActivityHandler unvalidated by 
09:43:23.37 [Worker-1] INFO  o.a.p.ModelProcessor:73 - Processing root elements
09:43:23.38 [Worker-1] INFO  o.a.p.ModelProcessor:104 - Processing enclosed elements
09:43:23.39 [Worker-1] INFO  o.a.AndroidAnnotationProcessor:251 - Number of files generated by AndroidAnnotations: 0
09:43:23.40 [Worker-1] INFO  o.a.g.ApiCodeGenerator:52 - Writting following API classes in project: []
09:43:23.40 [Worker-1] INFO  o.a.p.TimeStats:81 - Time measurements: [Whole Processing = 39 ms], [Find R Classes = 15 ms], [Extract Annotations = 14 ms], [Validate Annotations = 3 ms], [Extract Manifest = 2 ms], [Process Annotations = 2 ms], [Generate Sources = 1 ms], 
09:43:23.41 [Worker-1] INFO  o.a.AndroidAnnotationProcessor:123 - Finish processing
09:43:23.262 [Worker-1] INFO  o.a.AndroidAnnotationProcessor:85 - Initialize AndroidAnnotations 3.0.1 with options {phase=BUILD}
09:43:23.265 [Worker-1] INFO  o.a.AndroidAnnotationProcessor:109 - Start processing for 1 annotations on 3 elements
09:43:23.287 [Worker-1] DEBUG o.a.h.AndroidManifestFinder:137 - AndroidManifest.xml file found in parent folder C:\Users\Public\development\practice\android\my_demos\DroidSpace\05.parse_read_write\02.fileDrivenPageViewer: C:\Users\Public\development\practice\android\my_demos\DroidSpace\05.parse_read_write\02.fileDrivenPageViewer\AndroidManifest.xml
09:43:23.290 [Worker-1] INFO  o.a.AndroidAnnotationProcessor:172 - AndroidManifest.xml found: AndroidManifest [applicationPackage=com.commonsware.android.frw.filesdemo, componentQualifiedNames=[com.commonsware.android.frw.filesdemo.MainActivity_], permissionQualifiedNames=[], applicationClassName=null, libraryProject=false, debugabble=false, minSdkVersion=17, maxSdkVersion=-1, targetSdkVersion=22]
09:43:23.291 [Worker-1] INFO  o.a.r.ProjectRClassFinder:50 - Found project R class: com.commonsware.android.frw.filesdemo.R
09:43:23.295 [Worker-1] INFO  o.a.r.AndroidRClassFinder:44 - Found Android class: android.R
09:43:23.313 [Worker-1] INFO  o.a.p.ModelValidator:42 - Validating elements
09:43:23.315 [Worker-1] DEBUG o.a.p.ModelValidator:62 - Validating with EActivityHandler: [com.commonsware.android.frw.filesdemo.MainActivity]
09:43:23.317 [Worker-1] INFO  o.a.p.ModelProcessor:73 - Processing root elements
09:43:23.318 [Worker-1] DEBUG o.a.p.ModelProcessor:80 - Processing root elements EActivityHandler: [com.commonsware.android.frw.filesdemo.MainActivity]
09:43:23.323 [Worker-1] INFO  o.a.p.ModelProcessor:104 - Processing enclosed elements
09:43:23.325 [Worker-1] INFO  o.a.AndroidAnnotationProcessor:251 - Number of files generated by AndroidAnnotations: 1
09:43:23.326 [Worker-1] INFO  o.a.g.ApiCodeGenerator:52 - Writting following API classes in project: []
09:43:23.327 [Worker-1] DEBUG o.a.g.SourceCodewriter:55 - Generating class: com.commonsware.android.frw.filesdemo.MainActivity_
09:43:23.343 [Worker-1] INFO  o.a.p.TimeStats:81 - Time measurements: [Whole Processing = 78 ms], [Find R Classes = 22 ms], [Extract Annotations = 21 ms], [Generate Sources = 18 ms], [Process Annotations = 8 ms], [Validate Annotations = 4 ms], [Extract Manifest = 3 ms], 
09:43:23.344 [Worker-1] INFO  o.a.AndroidAnnotationProcessor:123 - Finish processing
09:43:45.751 [Worker-1] INFO  o.a.AndroidAnnotationProcessor:85 - Initialize AndroidAnnotations 3.0.1 with options {phase=BUILD}
09:45:10.876 [Worker-10] INFO  o.a.AndroidAnnotationProcessor:85 - Initialize AndroidAnnotations 3.0.1 with options {phase=BUILD}
09:45:10.878 [Worker-10] INFO  o.a.AndroidAnnotationProcessor:109 - Start processing for 1 annotations on 3 elements
09:45:10.896 [Worker-10] DEBUG o.a.h.AndroidManifestFinder:137 - AndroidManifest.xml file found in parent folder C:\Users\Public\development\practice\android\my_demos\DroidSpace\05.parse_read_write\02.fileDrivenPageViewer: C:\Users\Public\development\practice\android\my_demos\DroidSpace\05.parse_read_write\02.fileDrivenPageViewer\AndroidManifest.xml
09:45:10.900 [Worker-10] INFO  o.a.AndroidAnnotationProcessor:172 - AndroidManifest.xml found: AndroidManifest [applicationPackage=com.commonsware.android.frw.filesdemo, componentQualifiedNames=[com.commonsware.android.frw.filesdemo.MainActivity_], permissionQualifiedNames=[], applicationClassName=null, libraryProject=false, debugabble=false, minSdkVersion=17, maxSdkVersion=-1, targetSdkVersion=22]
09:45:10.901 [Worker-10] INFO  o.a.r.ProjectRClassFinder:50 - Found project R class: com.commonsware.android.frw.filesdemo.R
09:45:10.902 [Worker-10] INFO  o.a.r.AndroidRClassFinder:44 - Found Android class: android.R
09:45:10.918 [Worker-10] INFO  o.a.p.ModelValidator:42 - Validating elements
09:45:10.920 [Worker-10] DEBUG o.a.p.ModelValidator:62 - Validating with EActivityHandler: [com.commonsware.android.frw.filesdemo.MainActivity]
09:45:10.923 [Worker-10] INFO  o.a.p.ModelProcessor:73 - Processing root elements
09:45:10.924 [Worker-10] DEBUG o.a.p.ModelProcessor:80 - Processing root elements EActivityHandler: [com.commonsware.android.frw.filesdemo.MainActivity]
09:45:10.929 [Worker-10] INFO  o.a.p.ModelProcessor:104 - Processing enclosed elements
09:45:10.931 [Worker-10] INFO  o.a.AndroidAnnotationProcessor:251 - Number of files generated by AndroidAnnotations: 1
09:45:10.932 [Worker-10] INFO  o.a.g.ApiCodeGenerator:52 - Writting following API classes in project: []
09:45:10.933 [Worker-10] DEBUG o.a.g.SourceCodewriter:55 - Generating class: com.commonsware.android.frw.filesdemo.MainActivity_
09:45:10.969 [Worker-10] INFO  o.a.p.TimeStats:81 - Time measurements: [Whole Processing = 91 ms], [Generate Sources = 38 ms], [Find R Classes = 17 ms], [Extract Annotations = 16 ms], [Process Annotations = 8 ms], [Validate Annotations = 5 ms], [Extract Manifest = 4 ms], 
09:45:10.971 [Worker-10] INFO  o.a.AndroidAnnotationProcessor:123 - Finish processing
09:45:12.162 [Worker-5] INFO  o.a.AndroidAnnotationProcessor:85 - Initialize AndroidAnnotations 3.0.1 with options {phase=BUILD}
09:45:46.682 [Worker-11] INFO  o.a.AndroidAnnotationProcessor:85 - Initialize AndroidAnnotations 3.0.1 with options {phase=BUILD}
09:45:46.684 [Worker-11] INFO  o.a.AndroidAnnotationProcessor:109 - Start processing for 1 annotations on 1 elements
09:45:46.698 [Worker-11] DEBUG o.a.h.AndroidManifestFinder:137 - AndroidManifest.xml file found in parent folder C:\Users\Public\development\practice\android\my_demos\DroidSpace\05.parse_read_write\02.fileDrivenPageViewer: C:\Users\Public\development\practice\android\my_demos\DroidSpace\05.parse_read_write\02.fileDrivenPageViewer\AndroidManifest.xml
09:45:46.701 [Worker-11] INFO  o.a.AndroidAnnotationProcessor:172 - AndroidManifest.xml found: AndroidManifest [applicationPackage=com.commonsware.android.frw.filesdemo, componentQualifiedNames=[com.commonsware.android.frw.filesdemo.MainActivity_], permissionQualifiedNames=[], applicationClassName=null, libraryProject=false, debugabble=false, minSdkVersion=17, maxSdkVersion=-1, targetSdkVersion=22]
09:45:46.702 [Worker-11] INFO  o.a.r.ProjectRClassFinder:50 - Found project R class: com.commonsware.android.frw.filesdemo.R
09:45:46.706 [Worker-11] INFO  o.a.r.AndroidRClassFinder:44 - Found Android class: android.R
09:45:46.712 [Worker-11] INFO  o.a.p.ModelValidator:42 - Validating elements
09:45:46.714 [Worker-11] DEBUG o.a.p.ModelValidator:62 - Validating with EActivityHandler: [com.commonsware.android.frw.filesdemo.MainActivity]
09:45:46.715 [Worker-11] INFO  o.a.p.ModelProcessor:73 - Processing root elements
09:45:46.717 [Worker-11] DEBUG o.a.p.ModelProcessor:80 - Processing root elements EActivityHandler: [com.commonsware.android.frw.filesdemo.MainActivity]
09:45:46.721 [Worker-11] INFO  o.a.p.ModelProcessor:104 - Processing enclosed elements
09:45:46.722 [Worker-11] INFO  o.a.AndroidAnnotationProcessor:251 - Number of files generated by AndroidAnnotations: 1
09:45:46.722 [Worker-11] INFO  o.a.g.ApiCodeGenerator:52 - Writting following API classes in project: []
09:45:46.723 [Worker-11] DEBUG o.a.g.SourceCodewriter:55 - Generating class: com.commonsware.android.frw.filesdemo.MainActivity_
09:45:46.732 [Worker-11] INFO  o.a.p.TimeStats:81 - Time measurements: [Whole Processing = 48 ms], [Extract Annotations = 13 ms], [Find R Classes = 10 ms], [Generate Sources = 10 ms], [Process Annotations = 7 ms], [Extract Manifest = 3 ms], [Validate Annotations = 3 ms], 
09:45:46.733 [Worker-11] INFO  o.a.AndroidAnnotationProcessor:123 - Finish processing
09:45:49.457 [Worker-10] INFO  o.a.AndroidAnnotationProcessor:85 - Initialize AndroidAnnotations 3.0.1 with options {phase=BUILD}
09:45:49.460 [Worker-10] INFO  o.a.AndroidAnnotationProcessor:109 - Start processing for 1 annotations on 1 elements
09:45:49.476 [Worker-10] DEBUG o.a.h.AndroidManifestFinder:137 - AndroidManifest.xml file found in parent folder C:\Users\Public\development\practice\android\my_demos\DroidSpace\05.parse_read_write\02.fileDrivenPageViewer: C:\Users\Public\development\practice\android\my_demos\DroidSpace\05.parse_read_write\02.fileDrivenPageViewer\AndroidManifest.xml
09:45:49.479 [Worker-10] INFO  o.a.AndroidAnnotationProcessor:172 - AndroidManifest.xml found: AndroidManifest [applicationPackage=com.commonsware.android.frw.filesdemo, componentQualifiedNames=[com.commonsware.android.frw.filesdemo.MainActivity_], permissionQualifiedNames=[], applicationClassName=null, libraryProject=false, debugabble=false, minSdkVersion=17, maxSdkVersion=-1, targetSdkVersion=22]
09:45:49.480 [Worker-10] INFO  o.a.r.ProjectRClassFinder:50 - Found project R class: com.commonsware.android.frw.filesdemo.R
09:45:49.483 [Worker-10] INFO  o.a.r.AndroidRClassFinder:44 - Found Android class: android.R
09:45:49.489 [Worker-10] INFO  o.a.p.ModelValidator:42 - Validating elements
09:45:49.490 [Worker-10] DEBUG o.a.p.ModelValidator:62 - Validating with EActivityHandler: [com.commonsware.android.frw.filesdemo.MainActivity]
09:45:49.491 [Worker-10] INFO  o.a.p.ModelProcessor:73 - Processing root elements
09:45:49.492 [Worker-10] DEBUG o.a.p.ModelProcessor:80 - Processing root elements EActivityHandler: [com.commonsware.android.frw.filesdemo.MainActivity]
09:45:49.496 [Worker-10] INFO  o.a.p.ModelProcessor:104 - Processing enclosed elements
09:45:49.497 [Worker-10] INFO  o.a.AndroidAnnotationProcessor:251 - Number of files generated by AndroidAnnotations: 1
09:45:49.498 [Worker-10] INFO  o.a.g.ApiCodeGenerator:52 - Writting following API classes in project: []
09:45:49.498 [Worker-10] DEBUG o.a.g.SourceCodewriter:55 - Generating class: com.commonsware.android.frw.filesdemo.MainActivity_
09:45:49.507 [Worker-10] INFO  o.a.p.TimeStats:81 - Time measurements: [Whole Processing = 47 ms], [Extract Annotations = 14 ms], [Generate Sources = 9 ms], [Find R Classes = 8 ms], [Process Annotations = 6 ms], [Extract Manifest = 4 ms], [Validate Annotations = 2 ms], 
09:45:49.508 [Worker-10] INFO  o.a.AndroidAnnotationProcessor:123 - Finish processing
