#
# There is insufficient memory for the Java Runtime Environment to continue.
# Native memory allocation (malloc) failed to allocate 618816 bytes for Chunk::new
# Possible reasons:
#   The system is out of physical RAM or swap space
#   In 32 bit mode, the process size limit was hit
# Possible solutions:
#   Reduce memory load on the system
#   Increase physical memory or swap space
#   Check if swap backing store is full
#   Use 64 bit Java on a 64 bit OS
#   Decrease Java heap size (-Xmx/-Xms)
#   Decrease number of Java threads
#   Decrease Java thread stack sizes (-Xss)
#   Set larger code cache with -XX:ReservedCodeCacheSize=
# This output file may be truncated or incomplete.
#
#  Out of Memory Error (allocation.cpp:390), pid=7736, tid=9676
#
# JRE version: Java(TM) SE Runtime Environment (8.0_60-b27) (build 1.8.0_60-b27)
# Java VM: Java HotSpot(TM) 64-Bit Server VM (25.60-b23 mixed mode windows-amd64 compressed oops)
# Failed to write core dump. Minidumps are not enabled by default on client versions of Windows
#

---------------  T H R E A D  ---------------

Current thread (0x0000000014710800):  JavaThread "C2 CompilerThread0" daemon [_thread_in_native, id=9676, stack(0x0000000015ec0000,0x0000000015fc0000)]

Stack: [0x0000000015ec0000,0x0000000015fc0000]
[error occurred during error reporting (printing stack bounds), id 0xc0000005]

Native frames: (J=compiled Java code, j=interpreted, Vv=VM code, C=native code)


Current CompileTask:
C2:  31317 3085       4       com.android.dx.dex.file.ProtoIdItem::addContents (61 bytes)


---------------  P R O C E S S  ---------------

Java Threads: ( => current thread )
  0x00000000161f0800 JavaThread "Service Thread" daemon [_thread_blocked, id=9176, stack(0x00000000165c0000,0x00000000166c0000)]
  0x000000001471b000 JavaThread "C1 CompilerThread2" daemon [_thread_blocked, id=7516, stack(0x00000000160c0000,0x00000000161c0000)]
  0x0000000014713000 JavaThread "C2 CompilerThread1" daemon [_thread_in_native, id=10448, stack(0x0000000015fc0000,0x00000000160c0000)]
=>0x0000000014710800 JavaThread "C2 CompilerThread0" daemon [_thread_in_native, id=9676, stack(0x0000000015ec0000,0x0000000015fc0000)]
  0x000000001470f000 JavaThread "Attach Listener" daemon [_thread_blocked, id=3164, stack(0x0000000015dc0000,0x0000000015ec0000)]
  0x000000001470d800 JavaThread "Signal Dispatcher" daemon [_thread_blocked, id=6652, stack(0x0000000015cc0000,0x0000000015dc0000)]
  0x000000000203a000 JavaThread "Finalizer" daemon [_thread_blocked, id=9156, stack(0x0000000015990000,0x0000000015a90000)]
  0x0000000002031000 JavaThread "Reference Handler" daemon [_thread_blocked, id=2748, stack(0x0000000015890000,0x0000000015990000)]
  0x0000000001f43800 JavaThread "main" [_thread_in_Java, id=8820, stack(0x0000000001d40000,0x0000000001e40000)]

Other Threads:
  0x00000000146d8000 VMThread [stack: 0x0000000015790000,0x0000000015890000] [id=6812]
  0x000000001476e800 WatcherThread [stack: 0x00000000166c0000,0x00000000167c0000] [id=5836]

VM state:not at safepoint (normal execution)

VM Mutex/Monitor currently owned by a thread: None

Heap:
 PSYoungGen      total 232960K, used 30822K [0x00000000eab00000, 0x0000000100000000, 0x0000000100000000)
  eden space 116736K, 2% used [0x00000000eab00000,0x00000000eae2e400,0x00000000f1d00000)
  from space 116224K, 23% used [0x00000000f1d00000,0x00000000f37eb638,0x00000000f8e80000)
  to   space 116224K, 0% used [0x00000000f8e80000,0x00000000f8e80000,0x0000000100000000)
 ParOldGen       total 697344K, used 481232K [0x00000000c0000000, 0x00000000ea900000, 0x00000000eab00000)
  object space 697344K, 69% used [0x00000000c0000000,0x00000000dd5f43c0,0x00000000ea900000)
 Metaspace       used 6744K, capacity 7384K, committed 7680K, reserved 1056768K
  class space    used 631K, capacity 656K, committed 768K, reserved 1048576K

Card table byte_map: [0x0000000011400000,0x0000000011610000] byte_map_base: 0x0000000010e00000

Marking Bits: (ParMarkBitMap*) 0x00000000738ba5b0
 Begin Bits: [0x0000000011b70000, 0x0000000012b70000)
 End Bits:   [0x0000000012b70000, 0x0000000013b70000)

Polling page: 0x0000000000400000

CodeCache: size=245760Kb used=11921Kb max_used=13278Kb free=233838Kb
 bounds [0x0000000002040000, 0x0000000002d70000, 0x0000000011040000]
 total_blobs=2756 nmethods=2486 adapters=182
 compilation: enabled

Compilation events (10 events):
Event: 31.290 Thread 0x000000001471b000 3090       3       com.android.dx.dex.file.TypeListItem::addContents (47 bytes)
Event: 31.290 Thread 0x000000001471b000 nmethod 3090 0x00000000028edf10 code [0x00000000028ee0a0, 0x00000000028ee5a8]
Event: 31.298 Thread 0x0000000014713000 nmethod 3086 0x00000000028ecf90 code [0x00000000028ed120, 0x00000000028ed678]
Event: 31.298 Thread 0x0000000014713000 3088  s    4       com.android.dx.dex.file.MixedItemSection::intern (39 bytes)
Event: 31.303 Thread 0x000000001471b000 3091       1       com.android.dx.dex.file.IdItem::getDefiningClass (5 bytes)
Event: 31.304 Thread 0x000000001471b000 nmethod 3091 0x00000000026a4290 code [0x00000000026a43e0, 0x00000000026a44f0]
Event: 31.304 Thread 0x000000001471b000 3092       3       com.android.dx.dex.file.TypeIdItem::addContents (16 bytes)
Event: 31.305 Thread 0x000000001471b000 nmethod 3092 0x000000000273a810 code [0x000000000273a9e0, 0x000000000273b388]
Event: 31.305 Thread 0x000000001471b000 3093       3       com.android.dx.rop.cst.CstType::getDescriptor (30 bytes)
Event: 31.305 Thread 0x000000001471b000 nmethod 3093 0x0000000002722990 code [0x0000000002722b00, 0x0000000002722de8]

GC Heap History (10 events):
Event: 23.242 GC heap before
{Heap before GC invocations=27 (full 3):
 PSYoungGen      total 151552K, used 151328K [0x00000000eab00000, 0x00000000ff580000, 0x0000000100000000)
  eden space 116736K, 100% used [0x00000000eab00000,0x00000000f1d00000,0x00000000f1d00000)
  from space 34816K, 99% used [0x00000000f1d00000,0x00000000f3ec81e0,0x00000000f3f00000)
  to   space 108544K, 0% used [0x00000000f8b80000,0x00000000f8b80000,0x00000000ff580000)
 ParOldGen       total 481280K, used 414688K [0x00000000c0000000, 0x00000000dd600000, 0x00000000eab00000)
  object space 481280K, 86% used [0x00000000c0000000,0x00000000d94f83a8,0x00000000dd600000)
 Metaspace       used 6615K, capacity 7320K, committed 7680K, reserved 1056768K
  class space    used 626K, capacity 656K, committed 768K, reserved 1048576K
Event: 23.370 GC heap after
Heap after GC invocations=27 (full 3):
 PSYoungGen      total 231936K, used 53172K [0x00000000eab00000, 0x00000000fff80000, 0x0000000100000000)
  eden space 123392K, 0% used [0x00000000eab00000,0x00000000eab00000,0x00000000f2380000)
  from space 108544K, 48% used [0x00000000f8b80000,0x00000000fbf6d0a0,0x00000000ff580000)
  to   space 106496K, 0% used [0x00000000f2380000,0x00000000f2380000,0x00000000f8b80000)
 ParOldGen       total 481280K, used 414688K [0x00000000c0000000, 0x00000000dd600000, 0x00000000eab00000)
  object space 481280K, 86% used [0x00000000c0000000,0x00000000d94f83a8,0x00000000dd600000)
 Metaspace       used 6615K, capacity 7320K, committed 7680K, reserved 1056768K
  class space    used 626K, capacity 656K, committed 768K, reserved 1048576K
}
Event: 23.721 GC heap before
{Heap before GC invocations=28 (full 3):
 PSYoungGen      total 231936K, used 176564K [0x00000000eab00000, 0x00000000fff80000, 0x0000000100000000)
  eden space 123392K, 100% used [0x00000000eab00000,0x00000000f2380000,0x00000000f2380000)
  from space 108544K, 48% used [0x00000000f8b80000,0x00000000fbf6d0a0,0x00000000ff580000)
  to   space 106496K, 0% used [0x00000000f2380000,0x00000000f2380000,0x00000000f8b80000)
 ParOldGen       total 481280K, used 414688K [0x00000000c0000000, 0x00000000dd600000, 0x00000000eab00000)
  object space 481280K, 86% used [0x00000000c0000000,0x00000000d94f83a8,0x00000000dd600000)
 Metaspace       used 6615K, capacity 7320K, committed 7680K, reserved 1056768K
  class space    used 626K, capacity 656K, committed 768K, reserved 1048576K
Event: 23.816 GC heap after
Heap after GC invocations=28 (full 3):
 PSYoungGen      total 229888K, used 71384K [0x00000000eab00000, 0x0000000100000000, 0x0000000100000000)
  eden space 123392K, 0% used [0x00000000eab00000,0x00000000eab00000,0x00000000f2380000)
  from space 106496K, 67% used [0x00000000f2380000,0x00000000f6936380,0x00000000f8b80000)
  to   space 111104K, 0% used [0x00000000f9380000,0x00000000f9380000,0x0000000100000000)
 ParOldGen       total 481280K, used 414696K [0x00000000c0000000, 0x00000000dd600000, 0x00000000eab00000)
  object space 481280K, 86% used [0x00000000c0000000,0x00000000d94fa3a8,0x00000000dd600000)
 Metaspace       used 6615K, capacity 7320K, committed 7680K, reserved 1056768K
  class space    used 626K, capacity 656K, committed 768K, reserved 1048576K
}
Event: 24.146 GC heap before
{Heap before GC invocations=29 (full 3):
 PSYoungGen      total 229888K, used 194776K [0x00000000eab00000, 0x0000000100000000, 0x0000000100000000)
  eden space 123392K, 100% used [0x00000000eab00000,0x00000000f2380000,0x00000000f2380000)
  from space 106496K, 67% used [0x00000000f2380000,0x00000000f6936380,0x00000000f8b80000)
  to   space 111104K, 0% used [0x00000000f9380000,0x00000000f9380000,0x0000000100000000)
 ParOldGen       total 481280K, used 414696K [0x00000000c0000000, 0x00000000dd600000, 0x00000000eab00000)
  object space 481280K, 86% used [0x00000000c0000000,0x00000000d94fa3a8,0x00000000dd600000)
 Metaspace       used 6615K, capacity 7320K, committed 7680K, reserved 1056768K
  class space    used 626K, capacity 656K, committed 768K, reserved 1048576K
Event: 24.272 GC heap after
Heap after GC invocations=29 (full 3):
 PSYoungGen      total 227840K, used 87147K [0x00000000eab00000, 0x0000000100000000, 0x0000000100000000)
  eden space 116736K, 0% used [0x00000000eab00000,0x00000000eab00000,0x00000000f1d00000)
  from space 111104K, 78% used [0x00000000f9380000,0x00000000fe89ad18,0x0000000100000000)
  to   space 116224K, 0% used [0x00000000f1d00000,0x00000000f1d00000,0x00000000f8e80000)
 ParOldGen       total 481280K, used 414696K [0x00000000c0000000, 0x00000000dd600000, 0x00000000eab00000)
  object space 481280K, 86% used [0x00000000c0000000,0x00000000d94fa3a8,0x00000000dd600000)
 Metaspace       used 6615K, capacity 7320K, committed 7680K, reserved 1056768K
  class space    used 626K, capacity 656K, committed 768K, reserved 1048576K
}
Event: 26.399 GC heap before
{Heap before GC invocations=30 (full 3):
 PSYoungGen      total 227840K, used 203883K [0x00000000eab00000, 0x0000000100000000, 0x0000000100000000)
  eden space 116736K, 100% used [0x00000000eab00000,0x00000000f1d00000,0x00000000f1d00000)
  from space 111104K, 78% used [0x00000000f9380000,0x00000000fe89ad18,0x0000000100000000)
  to   space 116224K, 0% used [0x00000000f1d00000,0x00000000f1d00000,0x00000000f8e80000)
 ParOldGen       total 481280K, used 414696K [0x00000000c0000000, 0x00000000dd600000, 0x00000000eab00000)
  object space 481280K, 86% used [0x00000000c0000000,0x00000000d94fa3a8,0x00000000dd600000)
 Metaspace       used 6737K, capacity 7384K, committed 7680K, reserved 1056768K
  class space    used 631K, capacity 656K, committed 768K, reserved 1048576K
Event: 26.717 GC heap after
Heap after GC invocations=30 (full 3):
 PSYoungGen      total 232960K, used 73422K [0x00000000eab00000, 0x0000000100000000, 0x0000000100000000)
  eden space 116736K, 0% used [0x00000000eab00000,0x00000000eab00000,0x00000000f1d00000)
  from space 116224K, 63% used [0x00000000f1d00000,0x00000000f64b3870,0x00000000f8e80000)
  to   space 116224K, 0% used [0x00000000f8e80000,0x00000000f8e80000,0x0000000100000000)
 ParOldGen       total 481280K, used 447799K [0x00000000c0000000, 0x00000000dd600000, 0x00000000eab00000)
  object space 481280K, 93% used [0x00000000c0000000,0x00000000db54def8,0x00000000dd600000)
 Metaspace       used 6737K, capacity 7384K, committed 7680K, reserved 1056768K
  class space    used 631K, capacity 656K, committed 768K, reserved 1048576K
}
Event: 26.717 GC heap before
{Heap before GC invocations=31 (full 4):
 PSYoungGen      total 232960K, used 73422K [0x00000000eab00000, 0x0000000100000000, 0x0000000100000000)
  eden space 116736K, 0% used [0x00000000eab00000,0x00000000eab00000,0x00000000f1d00000)
  from space 116224K, 63% used [0x00000000f1d00000,0x00000000f64b3870,0x00000000f8e80000)
  to   space 116224K, 0% used [0x00000000f8e80000,0x00000000f8e80000,0x0000000100000000)
 ParOldGen       total 481280K, used 447799K [0x00000000c0000000, 0x00000000dd600000, 0x00000000eab00000)
  object space 481280K, 93% used [0x00000000c0000000,0x00000000db54def8,0x00000000dd600000)
 Metaspace       used 6737K, capacity 7384K, committed 7680K, reserved 1056768K
  class space    used 631K, capacity 656K, committed 768K, reserved 1048576K
Event: 31.210 GC heap after
Heap after GC invocations=31 (full 4):
 PSYoungGen      total 232960K, used 27565K [0x00000000eab00000, 0x0000000100000000, 0x0000000100000000)
  eden space 116736K, 0% used [0x00000000eab00000,0x00000000eab00000,0x00000000f1d00000)
  from space 116224K, 23% used [0x00000000f1d00000,0x00000000f37eb638,0x00000000f8e80000)
  to   space 116224K, 0% used [0x00000000f8e80000,0x00000000f8e80000,0x0000000100000000)
 ParOldGen       total 697344K, used 481232K [0x00000000c0000000, 0x00000000ea900000, 0x00000000eab00000)
  object space 697344K, 69% used [0x00000000c0000000,0x00000000dd5f43c0,0x00000000ea900000)
 Metaspace       used 6737K, capacity 7384K, committed 7680K, reserved 1056768K
  class space    used 631K, capacity 656K, committed 768K, reserved 1048576K
}

Deoptimization events (10 events):
Event: 24.491 Thread 0x0000000001f43800 Uncommon trap: reason=class_check action=maybe_recompile pc=0x0000000002433a88 method=java.util.Arrays.hashCode([Ljava/lang/Object;)I @ 43
Event: 24.491 Thread 0x0000000001f43800 Uncommon trap: reason=class_check action=maybe_recompile pc=0x0000000002433a88 method=java.util.Arrays.hashCode([Ljava/lang/Object;)I @ 43
Event: 24.491 Thread 0x0000000001f43800 Uncommon trap: reason=class_check action=maybe_recompile pc=0x0000000002433a88 method=java.util.Arrays.hashCode([Ljava/lang/Object;)I @ 43
Event: 24.491 Thread 0x0000000001f43800 Uncommon trap: reason=class_check action=maybe_recompile pc=0x0000000002433a88 method=java.util.Arrays.hashCode([Ljava/lang/Object;)I @ 43
Event: 24.491 Thread 0x0000000001f43800 Uncommon trap: reason=class_check action=maybe_recompile pc=0x00000000024215f4 method=java.util.Arrays.hashCode([Ljava/lang/Object;)I @ 43
Event: 25.015 Thread 0x0000000001f43800 Uncommon trap: reason=unstable_if action=reinterpret pc=0x000000000247d8d8 method=com.android.dx.dex.code.OutputFinisher.addConstants(Ljava/util/HashSet;Lcom/android/dx/rop/code/RegisterSpec;)V @ 57
Event: 25.305 Thread 0x0000000001f43800 Uncommon trap: reason=unstable_if action=reinterpret pc=0x00000000022bbf5c method=com.android.dx.dex.code.OutputFinisher.addConstants(Ljava/util/HashSet;Lcom/android/dx/rop/code/RegisterSpec;)V @ 32
Event: 25.640 Thread 0x0000000001f43800 Uncommon trap: reason=unstable_if action=reinterpret pc=0x00000000028f5880 method=com.android.dx.dex.code.DalvCode.hasPositions()Z @ 15
Event: 25.655 Thread 0x0000000001f43800 Uncommon trap: reason=unstable_if action=reinterpret pc=0x00000000024e5b0c method=com.android.dx.dex.code.OutputFinisher.addConstants(Ljava/util/HashSet;Lcom/android/dx/rop/code/RegisterSpec;)V @ 32
Event: 31.280 Thread 0x0000000001f43800 Uncommon trap: reason=unstable_if action=reinterpret pc=0x00000000028a01e4 method=com.android.dx.dex.file.OffsettedItem.equals(Ljava/lang/Object;)Z @ 36

Internal exceptions (7 events):
Event: 0.037 Thread 0x0000000001f43800 Exception <a 'java/lang/NoSuchMethodError': Method sun.misc.Unsafe.defineClass(Ljava/lang/String;[BII)Ljava/lang/Class; name or signature does not match> (0x00000000eab0f938) thrown at [C:\re\workspace\8-2-build-windows-amd64-cygwin\jdk8u60\4407\hotspot\sró$äP6£?
Event: 0.038 Thread 0x0000000001f43800 Exception <a 'java/lang/NoSuchMethodError': Method sun.misc.Unsafe.prefetchRead(Ljava/lang/Object;J)V name or signature does not match> (0x00000000eab0fc20) thrown at [C:\re\workspace\8-2-build-windows-amd64-cygwin\jdk8u60\4407\hotspot\src\share\vm\prims\j"bG8bÂê?
Event: 0.836 Thread 0x0000000016363800 Implicit null exception at 0x000000000230fea2 to 0x000000000230ff92
Event: 1.527 Thread 0x0000000001f43800 Exception <a 'java/lang/ArrayIndexOutOfBoundsException': 18> (0x00000000ec495b88) thrown at [C:\re\workspace\8-2-build-windows-amd64-cygwin\jdk8u60\4407\hotspot\src\share\vm\interpreter\interpreterRuntime.cpp, line 366]
Event: 1.528 Thread 0x0000000001f43800 Exception <a 'java/lang/ArrayIndexOutOfBoundsException': 145> (0x00000000ec497708) thrown at [C:\re\workspace\8-2-build-windows-amd64-cygwin\jdk8u60\4407\hotspot\src\share\vm\interpreter\interpreterRuntime.cpp, line 366]
Event: 1.529 Thread 0x0000000001f43800 Exception <a 'java/lang/ArrayIndexOutOfBoundsException'> (0x00000000ec4989f0) thrown at [C:\re\workspace\8-2-build-windows-amd64-cygwin\jdk8u60\4407\hotspot\src\share\vm\runtime\sharedRuntime.cpp, line 605]
Event: 23.939 Thread 0x0000000016364800 Implicit null exception at 0x0000000002b99c09 to 0x0000000002b9c948

Events (10 events):
Event: 31.211 Executing VM operation: RevokeBias done
Event: 31.211 Executing VM operation: RevokeBias
Event: 31.211 Executing VM operation: RevokeBias done
Event: 31.211 Executing VM operation: RevokeBias
Event: 31.211 Executing VM operation: RevokeBias done
Event: 31.211 Executing VM operation: BulkRevokeBias
Event: 31.211 Executing VM operation: BulkRevokeBias done
Event: 31.280 Thread 0x0000000001f43800 Uncommon trap: trap_request=0xffffff65 fr.pc=0x00000000028a01e4
Event: 31.280 Thread 0x0000000001f43800 DEOPT PACKING pc=0x00000000028a01e4 sp=0x0000000001e3ee10
Event: 31.280 Thread 0x0000000001f43800 DEOPT UNPACKING pc=0x000000000208582a sp=0x0000000001e3ec90 mode 2


Dynamic libraries:
0x00007ff7974c0000 - 0x00007ff7974f7000 	C:\Program Files\Java\jdk1.8.0_60\bin\java.exe
0x00007fffc1d70000 - 0x00007fffc1f1c000 	C:\Windows\SYSTEM32\ntdll.dll
0x00007fffc1980000 - 0x00007fffc1abe000 	C:\Windows\system32\KERNEL32.DLL
0x00007fffbf2d0000 - 0x00007fffbf3e5000 	C:\Windows\system32\KERNELBASE.dll
0x00007fffbda40000 - 0x00007fffbdace000 	C:\Windows\system32\apphelp.dll
0x00007fffb5dc0000 - 0x00007fffb5e13000 	C:\Windows\AppPatch\AppPatch64\AcGenral.DLL
0x00007fffbf610000 - 0x00007fffbf6ba000 	C:\Windows\system32\msvcrt.dll
0x00007fffbecf0000 - 0x00007fffbed1e000 	C:\Windows\SYSTEM32\SspiCli.dll
0x00007fffc1d10000 - 0x00007fffc1d64000 	C:\Windows\system32\SHLWAPI.dll
0x00007fffc0ef0000 - 0x00007fffc1067000 	C:\Windows\system32\USER32.dll
0x00007fffc0d50000 - 0x00007fffc0ee4000 	C:\Windows\system32\ole32.dll
0x00007fffbf820000 - 0x00007fffc0d4b000 	C:\Windows\system32\SHELL32.dll
0x00007fffbe4c0000 - 0x00007fffbe4e1000 	C:\Windows\SYSTEM32\USERENV.dll
0x00007fffc1140000 - 0x00007fffc11ea000 	C:\Windows\system32\ADVAPI32.dll
0x00007fffb0bc0000 - 0x00007fffb0bde000 	C:\Windows\SYSTEM32\MPR.dll
0x00007fffbf6c0000 - 0x00007fffbf801000 	C:\Windows\system32\RPCRT4.dll
0x00007fffc1cb0000 - 0x00007fffc1d09000 	C:\Windows\SYSTEM32\sechost.dll
0x00007fffc1250000 - 0x00007fffc1461000 	C:\Windows\SYSTEM32\combase.dll
0x00007fffbf4c0000 - 0x00007fffbf60f000 	C:\Windows\system32\GDI32.dll
0x00007fffbeec0000 - 0x00007fffbeed5000 	C:\Windows\SYSTEM32\profapi.dll
0x00007fffbd6c0000 - 0x00007fffbd772000 	C:\Windows\SYSTEM32\SHCORE.dll
0x00007fffc1c70000 - 0x00007fffc1ca6000 	C:\Windows\system32\IMM32.DLL
0x00007fffc1760000 - 0x00007fffc18b2000 	C:\Windows\system32\MSCTF.dll
0x00007fffbcb80000 - 0x00007fffbcdfb000 	C:\Windows\WinSxS\amd64_microsoft.windows.common-controls_6595b64144ccf1df_6.0.9600.18006_none_623f33d3ecbe86e8\COMCTL32.dll
0x0000000072aa0000 - 0x0000000072b72000 	C:\Program Files\Java\jdk1.8.0_60\jre\bin\msvcr100.dll
0x00000000730b0000 - 0x0000000073939000 	C:\Program Files\Java\jdk1.8.0_60\jre\bin\server\jvm.dll
0x00007fffb8b60000 - 0x00007fffb8b69000 	C:\Windows\SYSTEM32\WSOCK32.dll
0x00007fffbc210000 - 0x00007fffbc232000 	C:\Windows\SYSTEM32\WINMM.dll
0x00007fffbc240000 - 0x00007fffbc24a000 	C:\Windows\SYSTEM32\VERSION.dll
0x00007fffc1750000 - 0x00007fffc1757000 	C:\Windows\system32\PSAPI.DLL
0x00007fffc10e0000 - 0x00007fffc113a000 	C:\Windows\system32\WS2_32.dll
0x00007fffbc170000 - 0x00007fffbc19a000 	C:\Windows\SYSTEM32\WINMMBASE.dll
0x00007fffbf810000 - 0x00007fffbf819000 	C:\Windows\system32\NSI.dll
0x00007fffbef90000 - 0x00007fffbefdf000 	C:\Windows\SYSTEM32\cfgmgr32.dll
0x00007fffbdce0000 - 0x00007fffbdd08000 	C:\Windows\SYSTEM32\DEVOBJ.dll
0x00000000730a0000 - 0x00000000730af000 	C:\Program Files\Java\jdk1.8.0_60\jre\bin\verify.dll
0x0000000073070000 - 0x0000000073099000 	C:\Program Files\Java\jdk1.8.0_60\jre\bin\java.dll
0x0000000073050000 - 0x0000000073066000 	C:\Program Files\Java\jdk1.8.0_60\jre\bin\zip.dll

VM Arguments:
jvm_args: -Xmx1024M -Dfile.encoding=UTF-8 -Duser.country=US -Duser.language=en -Duser.variant 
java_command: com.android.dx.command.Main --dex --num-threads=4 --output C:\Users\Public\development\practice\android\my_demos\DroidSpace\08.feetWet\08.firebase\app\build\intermediates\dex\debug C:\Users\Public\development\practice\android\my_demos\DroidSpace\08.feetWet\08.firebase\app\build\intermediates\classes\debug C:\Users\Juan\.gradle\caches\modules-2\files-2.1\javax.inject\javax.inject\1\6975da39a7040257bd51d21a231b76c915872d38\javax.inject-1.jar C:\Users\Public\development\practice\android\my_demos\DroidSpace\08.feetWet\08.firebase\app\build\intermediates\exploded-aar\io.reactivex\rxandroid\1.1.0\jars\classes.jar C:\Users\Public\development\practice\android\my_demos\DroidSpace\08.feetWet\08.firebase\app\build\intermediates\exploded-aar\com.firebaseui\firebase-ui\0.2.2\jars\classes.jar C:\Users\Juan\.gradle\caches\modules-2\files-2.1\com.squareup\javawriter\2.5.0\81241ff7078ef14f42ea2a8995fa09c096256e6b\javawriter-2.5.0.jar C:\Users\Juan\AppData\Local\Android\sdk\extras\android\m2repository\com\android\support\support-annotations\23.1.1\support-annotations-23.1.1.jar C:\Users\Juan\.gradle\caches\modules-2\files-2.1\com.firebase\firebase-client-android\2.5.2\f19f10d6276aa0b380e2d05d2ab3272d693a5433\firebase-client-android-2.5.2.jar C:\Users\Juan\.gradle\caches\modules-2\files-2.1\com.firebase\tubesock\0.0.12\6ec0bbd3e161a73ed672284b587fd32309a86d7a\tubesock-0.0.12.jar C:\Users\Juan\.gradle\caches\modules-2\files-2.1\com.fasterxml.jackson.core\jackson-annotations\2.2.2\285cb9c666f0f0f3dd8a1be04e1f457eb7b15113\jackson-annotations-2.2.2.jar C:\Users\Juan\.gradle\caches\modules-2\files-2.1\com.squareup.dagger\dagger\1.2.2\e8f912ee19ad84958510883ea191135276b091f8\dagger-1.2.2.jar C:\Users\Juan\.gradle\caches\modules-2\files-2.1\com.squareup.dagger\dagger-compiler\1.2.2\fa9b2f9ae597cedf2a66ef3e60662ff36bb60e57\dagger-compiler-1.2.2.jar C:\Users\Juan\.gradle\caches\modules-2\files-2.1\com.squareup.retrofit\retrofit\1.9.0\a681c044244d9fc375198588297a39ba78028423\ret
java_class_path (initial): C:\Users\Juan\AppData\Local\Android\sdk\build-tools\23.0.2\lib\dx.jar
Launcher Type: SUN_STANDARD

Environment Variables:
JAVA_HOME=C:\Program Files\Java\jdk1.8.0_60
CLASSPATH=.;
PATH=C:\ProgramData\Oracle\Java\javapath;C:\tools\ruby215\bin;C:\Program Files (x86)\Intel\iCLS Client\;C:\Program Files\Intel\iCLS Client\;C:\WINDOWS\system32;C:\WINDOWS;C:\WINDOWS\System32\Wbem;C:\WINDOWS\System32\WindowsPowerShell\v1.0\;C:\Program Files\Intel\WiFi\bin\;C:\Program Files\Common Files\Intel\WirelessCommon\;C:\Program Files\nodejs\;C:\Program Files\TortoiseHg\;C:\Program Files\TortoiseSVN\bin;C:\Program Files\Java\jdk1.7.0_40\bin;C:\Apache\apache-ant-1.9.3-bin\bin;C:\Program Files (x86)\Git\cmd;C:\Program Files (x86)\Git\bin;C:\HashiCorp\Vagrant\embedded\mingw\bin;C:\Program Files\Oracle\VirtualBox;C:\Users\Juan\.chefdk\gem\ruby\2.0.0;C:\Program Files (x86)\VisualSVN Server\bin;c:\users\juan\.chefdk\gem\ruby\2.0.0\bin;C:\Program Files\Java\jre7\bin;C:\Program Files\Java\jdk1.7.0_40\bin;;C:\Program Files\Intel\Intel(R) Management Engine Components\DAL;C:\Program Files\Intel\Intel(R) Management Engine Components\IPT;C:\Program Files (x86)\Intel\Intel(R) Management Engine Components\DAL;C:\Program Files (x86)\Intel\Intel(R) Management Engine Components\IPT;C:\Program Files (x86)\Brackets\command;C:\Program Files\Java\jdk1.8.0_60\bin;C:\HashiCorp\Vagrant\bin;C:\opscode\chefdk\bin\;C:\ProgramData\ComposerSetup\bin;C:\php;C:\Users\Juan\AppData\Roaming\Composer\vendor\bin;C:\Program Files (x86)\Ruby200\bin;C:\Program Files\Ruby200\bin;C:\Users\Juan\AppData\Roaming\npm;C:\GNUstep\bin;C:\GNUstep\GNUstep\System\Tools;C:\Program Files\gradle\gradle-1.10\bin;C:\Users\Public\development\platforms\adt-bundle-windows-x86_64-20130917\sdk\tools;C:\HashiCorp\Vagrant\embedded\mingw\bin;C:\ProgramData\chocolatey\bin;C:\Users\Juan\AppData\Local\Android\sdk;C:\Users\Juan\AppData\Local\Android\sdk\platform-tools;C:\Program Files\Java\jdk1.7.0_40\bin;C:\Users\Juan\AppData\Roaming\Composer\vendor\bin;
USERNAME=Juan
OS=Windows_NT
PROCESSOR_IDENTIFIER=Intel64 Family 6 Model 58 Stepping 9, GenuineIntel



---------------  S Y S T E M  ---------------

OS: Windows 8.1 , 64 bit Build 9600 (6.3.9600.17415)

CPU:total 4 (2 cores per cpu, 2 threads per core) family 6 model 58 stepping 9, cmov, cx8, fxsr, mmx, sse, sse2, sse3, ssse3, sse4.1, sse4.2, popcnt, avx, aes, clmul, erms, ht, tsc, tscinvbit, tscinv

Memory: 4k page, physical 8251904k(157048k free), swap 11397632k(5128k free)

vm_info: Java HotSpot(TM) 64-Bit Server VM (25.60-b23) for windows-amd64 JRE (1.8.0_60-b27), built on Aug  4 2015 11:06:27 by "java_re" with MS VC++ 10.0 (VS2010)

time: Fri Mar 04 20:16:00 2016
elapsed time: 31 seconds (0d 0h 0m 31s)

